<?xml version="1.0" encoding="UTF-8"?>
<testsuite name="AnimalTests" tests="1" skipped="0" failures="0" errors="0" timestamp="2020-04-06T10:30:11" hostname="DESKTOP-JGRK5LJ" time="0.022">
  <properties/>
  <testcase name="TestCatEats()" classname="AnimalTests" time="0.022"/>
  <system-out><![CDATA[]]></system-out>
  <system-err><![CDATA[]]></system-err>
</testsuite>
